<?xml version="1.0" encoding="UTF-8" ?>
<testsuite failures="0" time="0" errors="0" skipped="0" tests="6" name="ohtu.viitteidenHallinta.ViiteTest">
  <properties>
    <property name="java.runtime.name" value="Java(TM) SE Runtime Environment"/>
    <property name="sun.boot.library.path" value="h:\Program Files\Java\jdk1.7.0\jre\bin"/>
    <property name="java.vm.version" value="21.0-b17"/>
    <property name="user.country.format" value="FI"/>
    <property name="java.vm.vendor" value="Oracle Corporation"/>
    <property name="java.vendor.url" value="http://java.oracle.com/"/>
    <property name="path.separator" value=";"/>
    <property name="guice.disable.misplaced.annotation.check" value="true"/>
    <property name="java.vm.name" value="Java HotSpot(TM) Client VM"/>
    <property name="file.encoding.pkg" value="sun.io"/>
    <property name="user.script" value=""/>
    <property name="user.country" value="US"/>
    <property name="sun.java.launcher" value="SUN_STANDARD"/>
    <property name="sun.os.patch.level" value="Service Pack 3"/>
    <property name="java.vm.specification.name" value="Java Virtual Machine Specification"/>
    <property name="user.dir" value="h:\Documents and Settings\Anna\Ohtuprojekti\ohtuprojekti"/>
    <property name="java.runtime.version" value="1.7.0-b147"/>
    <property name="java.awt.graphicsenv" value="sun.awt.Win32GraphicsEnvironment"/>
    <property name="java.endorsed.dirs" value="h:\Program Files\Java\jdk1.7.0\jre\lib\endorsed"/>
    <property name="os.arch" value="x86"/>
    <property name="java.io.tmpdir" value="H:\DOCUME~1\Anna\LOCALS~1\Temp\"/>
    <property name="line.separator" value="
"/>
    <property name="java.vm.specification.vendor" value="Oracle Corporation"/>
    <property name="user.variant" value=""/>
    <property name="os.name" value="Windows XP"/>
    <property name="classworlds.conf" value="h:/Program Files/apache-maven-3.0.4/bin/m2.conf"/>
    <property name="sun.jnu.encoding" value="Cp1252"/>
    <property name="java.library.path" value="h:\Program Files\Java\jdk1.7.0\bin;H:\WINDOWS\Sun\Java\bin;H:\WINDOWS\system32;H:\WINDOWS;h:\Documents and Settings\Anna\bin;.;H:\Program Files\Git\local\bin;H:\Program Files\Git\mingw\bin;H:\Program Files\Git\bin;h:\Program Files\Haskell\bin;h:\Program Files\Haskell Platform\2011.4.0.0\lib\extralibs\bin;h:\Program Files\Haskell Platform\2011.4.0.0\bin;h:\Program Files\PC Connectivity Solution\;h:\WINDOWS\system32;h:\WINDOWS;h:\WINDOWS\System32\Wbem;%M2%;%JAVA_HOME%\bin;h:\program files\apache-maven-3.0.4\bin;h:\Documents and Settings\Anna\Application Data\cabal\bin;."/>
    <property name="java.specification.name" value="Java Platform API Specification"/>
    <property name="java.class.version" value="51.0"/>
    <property name="sun.management.compiler" value="HotSpot Client Compiler"/>
    <property name="os.version" value="5.1"/>
    <property name="user.home" value="H:\Documents and Settings\Anna"/>
    <property name="user.timezone" value="Europe/Helsinki"/>
    <property name="java.awt.printerjob" value="sun.awt.windows.WPrinterJob"/>
    <property name="java.specification.version" value="1.7"/>
    <property name="file.encoding" value="Cp1252"/>
    <property name="user.name" value="Anna"/>
    <property name="java.class.path" value="h:/Program Files/apache-maven-3.0.4/boot/plexus-classworlds-2.4.jar"/>
    <property name="java.vm.specification.version" value="1.7"/>
    <property name="sun.arch.data.model" value="32"/>
    <property name="java.home" value="h:\Program Files\Java\jdk1.7.0\jre"/>
    <property name="sun.java.command" value="org.codehaus.plexus.classworlds.launcher.Launcher integration-test"/>
    <property name="java.specification.vendor" value="Oracle Corporation"/>
    <property name="user.language" value="en"/>
    <property name="user.language.format" value="fi"/>
    <property name="awt.toolkit" value="sun.awt.windows.WToolkit"/>
    <property name="java.vm.info" value="mixed mode, sharing"/>
    <property name="java.version" value="1.7.0"/>
    <property name="java.ext.dirs" value="h:\Program Files\Java\jdk1.7.0\jre\lib\ext;H:\WINDOWS\Sun\Java\lib\ext"/>
    <property name="sun.boot.class.path" value="h:\Program Files\Java\jdk1.7.0\jre\lib\resources.jar;h:\Program Files\Java\jdk1.7.0\jre\lib\rt.jar;h:\Program Files\Java\jdk1.7.0\jre\lib\sunrsasign.jar;h:\Program Files\Java\jdk1.7.0\jre\lib\jsse.jar;h:\Program Files\Java\jdk1.7.0\jre\lib\jce.jar;h:\Program Files\Java\jdk1.7.0\jre\lib\charsets.jar;h:\Program Files\Java\jdk1.7.0\jre\classes"/>
    <property name="java.vendor" value="Oracle Corporation"/>
    <property name="maven.home" value="h:\Program Files\apache-maven-3.0.4"/>
    <property name="file.separator" value="\"/>
    <property name="java.vendor.url.bug" value="http://bugreport.sun.com/bugreport/"/>
    <property name="sun.cpu.endian" value="little"/>
    <property name="sun.io.unicode.encoding" value="UnicodeLittle"/>
    <property name="sun.desktop" value="windows"/>
    <property name="sun.cpu.isalist" value=""/>
  </properties>
  <testcase time="0" classname="ohtu.viitteidenHallinta.ViiteTest" name="testGetVapaaehtoisetKentat"/>
  <testcase time="0" classname="ohtu.viitteidenHallinta.ViiteTest" name="testSetPakollisetKentat"/>
  <testcase time="0" classname="ohtu.viitteidenHallinta.ViiteTest" name="testSetVapaaehtoisetKentat"/>
  <testcase time="0" classname="ohtu.viitteidenHallinta.ViiteTest" name="testGetId"/>
  <testcase time="0" classname="ohtu.viitteidenHallinta.ViiteTest" name="testGetPakollisetKentat"/>
  <testcase time="0" classname="ohtu.viitteidenHallinta.ViiteTest" name="testGetType"/>
</testsuite>