<testsuite tests='1' results='0' failures='0' disabled='1' errors='0' time='0.103' name='behavior.viite_bibtex_muotoon'>
  <testcase classname='behavior.viite_bibtex_muotoon' name='k채ytt채j채 voi tulostaa viitten bibtexin채' time='0.013'>
    <skipped />
  </testcase>
</testsuite>