<?xml version="1.0" encoding="UTF-8" ?>
<testsuite failures="0" time="0.019" errors="0" skipped="0" tests="5" name="ohtu.viitteidenHallinta.ViitetyyppienKenttainformaatioTest">
  <properties>
    <property name="java.runtime.name" value="OpenJDK Runtime Environment"/>
    <property name="sun.boot.library.path" value="/usr/lib/jvm/java-6-openjdk/jre/lib/i386"/>
    <property name="java.vm.version" value="19.0-b09"/>
    <property name="java.vm.vendor" value="Sun Microsystems Inc."/>
    <property name="java.vendor.url" value="http://java.sun.com/"/>
    <property name="path.separator" value=":"/>
    <property name="java.vm.name" value="OpenJDK Client VM"/>
    <property name="file.encoding.pkg" value="sun.io"/>
    <property name="user.country" value="FI"/>
    <property name="sun.java.launcher" value="SUN_STANDARD"/>
    <property name="sun.os.patch.level" value="unknown"/>
    <property name="java.vm.specification.name" value="Java Virtual Machine Specification"/>
    <property name="user.dir" value="/home/iimakis/koulu/ohtu/miniprojekti/sprintti2/Ohtuprojekti/ohtuprojekti"/>
    <property name="java.runtime.version" value="1.6.0_20-b20"/>
    <property name="java.awt.graphicsenv" value="sun.awt.X11GraphicsEnvironment"/>
    <property name="basedir" value="/home/iimakis/koulu/ohtu/miniprojekti/sprintti2/Ohtuprojekti/ohtuprojekti"/>
    <property name="java.endorsed.dirs" value="/usr/lib/jvm/java-6-openjdk/jre/lib/endorsed"/>
    <property name="os.arch" value="i386"/>
    <property name="surefire.real.class.path" value="/tmp/surefirebooter8637199719558094614.jar"/>
    <property name="java.io.tmpdir" value="/tmp"/>
    <property name="line.separator" value="
"/>
    <property name="java.vm.specification.vendor" value="Sun Microsystems Inc."/>
    <property name="os.name" value="Linux"/>
    <property name="sun.jnu.encoding" value="UTF-8"/>
    <property name="java.library.path" value="/usr/lib/jvm/java-6-openjdk/jre/lib/i386/client:/usr/lib/jvm/java-6-openjdk/jre/lib/i386:/usr/lib/jvm/java-6-openjdk/jre/../lib/i386:/usr/java/packages/lib/i386:/usr/lib/jni:/lib:/usr/lib"/>
    <property name="surefire.test.class.path" value="/home/iimakis/koulu/ohtu/miniprojekti/sprintti2/Ohtuprojekti/ohtuprojekti/target/test-classes:/home/iimakis/koulu/ohtu/miniprojekti/sprintti2/Ohtuprojekti/ohtuprojekti/target/classes:/home/iimakis/.m2/repository/junit/junit/4.10/junit-4.10.jar:/home/iimakis/.m2/repository/org/hamcrest/hamcrest-core/1.1/hamcrest-core-1.1.jar:/home/iimakis/.m2/repository/org/mockito/mockito-all/1.9.0/mockito-all-1.9.0.jar:/home/iimakis/.m2/repository/org/easyb/easyb-core/1.5/easyb-core-1.5.jar:/home/iimakis/.m2/repository/org/codehaus/groovy/groovy-all/1.7.10/groovy-all-1.7.10.jar:/home/iimakis/.m2/repository/commons-cli/commons-cli/1.2/commons-cli-1.2.jar:/home/iimakis/.m2/repository/commons-lang/commons-lang/2.5/commons-lang-2.5.jar:/home/iimakis/.m2/repository/ant/ant/1.6.5/ant-1.6.5.jar:/home/iimakis/.m2/repository/com/google/code/gson/gson/2.1/gson-2.1.jar:"/>
    <property name="java.specification.name" value="Java Platform API Specification"/>
    <property name="java.class.version" value="50.0"/>
    <property name="sun.management.compiler" value="HotSpot Client Compiler"/>
    <property name="os.version" value="2.6.32-40-generic"/>
    <property name="user.home" value="/home/iimakis"/>
    <property name="user.timezone" value=""/>
    <property name="java.awt.printerjob" value="sun.print.PSPrinterJob"/>
    <property name="file.encoding" value="UTF-8"/>
    <property name="java.specification.version" value="1.6"/>
    <property name="user.name" value="iimakis"/>
    <property name="java.class.path" value="/home/iimakis/koulu/ohtu/miniprojekti/sprintti2/Ohtuprojekti/ohtuprojekti/target/test-classes:/home/iimakis/koulu/ohtu/miniprojekti/sprintti2/Ohtuprojekti/ohtuprojekti/target/classes:/home/iimakis/.m2/repository/junit/junit/4.10/junit-4.10.jar:/home/iimakis/.m2/repository/org/hamcrest/hamcrest-core/1.1/hamcrest-core-1.1.jar:/home/iimakis/.m2/repository/org/mockito/mockito-all/1.9.0/mockito-all-1.9.0.jar:/home/iimakis/.m2/repository/org/easyb/easyb-core/1.5/easyb-core-1.5.jar:/home/iimakis/.m2/repository/org/codehaus/groovy/groovy-all/1.7.10/groovy-all-1.7.10.jar:/home/iimakis/.m2/repository/commons-cli/commons-cli/1.2/commons-cli-1.2.jar:/home/iimakis/.m2/repository/commons-lang/commons-lang/2.5/commons-lang-2.5.jar:/home/iimakis/.m2/repository/ant/ant/1.6.5/ant-1.6.5.jar:/home/iimakis/.m2/repository/com/google/code/gson/gson/2.1/gson-2.1.jar:"/>
    <property name="java.vm.specification.version" value="1.0"/>
    <property name="sun.arch.data.model" value="32"/>
    <property name="java.home" value="/usr/lib/jvm/java-6-openjdk/jre"/>
    <property name="java.specification.vendor" value="Sun Microsystems Inc."/>
    <property name="user.language" value="fi"/>
    <property name="java.vm.info" value="mixed mode, sharing"/>
    <property name="java.version" value="1.6.0_20"/>
    <property name="java.ext.dirs" value="/usr/lib/jvm/java-6-openjdk/jre/lib/ext:/usr/java/packages/lib/ext"/>
    <property name="sun.boot.class.path" value="/usr/lib/jvm/java-6-openjdk/jre/lib/resources.jar:/usr/lib/jvm/java-6-openjdk/jre/lib/rt.jar:/usr/lib/jvm/java-6-openjdk/jre/lib/sunrsasign.jar:/usr/lib/jvm/java-6-openjdk/jre/lib/jsse.jar:/usr/lib/jvm/java-6-openjdk/jre/lib/jce.jar:/usr/lib/jvm/java-6-openjdk/jre/lib/charsets.jar:/usr/lib/jvm/java-6-openjdk/jre/lib/netx.jar:/usr/lib/jvm/java-6-openjdk/jre/lib/plugin.jar:/usr/lib/jvm/java-6-openjdk/jre/lib/rhino.jar:/usr/lib/jvm/java-6-openjdk/jre/lib/modules/jdk.boot.jar:/usr/lib/jvm/java-6-openjdk/jre/classes"/>
    <property name="java.vendor" value="Sun Microsystems Inc."/>
    <property name="localRepository" value="/home/iimakis/.m2/repository"/>
    <property name="file.separator" value="/"/>
    <property name="java.vendor.url.bug" value="http://java.sun.com/cgi-bin/bugreport.cgi"/>
    <property name="sun.cpu.endian" value="little"/>
    <property name="sun.io.unicode.encoding" value="UnicodeLittle"/>
    <property name="sun.desktop" value="gnome"/>
    <property name="sun.cpu.isalist" value=""/>
  </properties>
  <testcase time="0.004" classname="ohtu.viitteidenHallinta.ViitetyyppienKenttainformaatioTest" name="testGetTyypinPakollisetKentat"/>
  <testcase time="0.001" classname="ohtu.viitteidenHallinta.ViitetyyppienKenttainformaatioTest" name="testGetTyypinPakollisetKentat2"/>
  <testcase time="0.001" classname="ohtu.viitteidenHallinta.ViitetyyppienKenttainformaatioTest" name="testGetTyypinVapaaehtoisetKentat"/>
  <testcase time="0.001" classname="ohtu.viitteidenHallinta.ViitetyyppienKenttainformaatioTest" name="testGetTyypinVapaaehtoisetKentat2"/>
  <testcase time="0.001" classname="ohtu.viitteidenHallinta.ViitetyyppienKenttainformaatioTest" name="testGetTyypinVapaaehtoisetKentat3"/>
</testsuite>