<testsuite tests='1' results='0' failures='1' disabled='0' errors='0' time='2.713' name='behavior.viitteen_lisaaminen'>
  <testcase classname='behavior.viitteen_lisaaminen' name='käyttäjän voi onnistuneesti lisätä viiteen järjestelmään' time='0.5'>
    <failure message='Step "valitaan viitteen lisääminen" -- Could not find matching constructor for: ohtu.viitteidenHallinta.Viite(java.lang.String, java.lang.String, java.util.LinkedHashMap, java.util.LinkedHashMap); Step "Oikeat tiedot syötetään järjestelmään" -- No such property: viite for class: viitteen_lisaaminen; Step "viite on lisätty järjestelmään" -- No signature of method: ohtu.viitteidenHallinta.ViiteHallinta.getViitteet() is applicable for argument types: () values: []
Possible solutions: getViiteLista()'>Step "valitaan viitteen lisääminen" -- Could not find matching constructor for: ohtu.viitteidenHallinta.Viite(java.lang.String, java.lang.String, java.util.LinkedHashMap, java.util.LinkedHashMap); Step "Oikeat tiedot syötetään järjestelmään" -- No such property: viite for class: viitteen_lisaaminen; Step "viite on lisätty järjestelmään" -- No signature of method: ohtu.viitteidenHallinta.ViiteHallinta.getViitteet() is applicable for argument types: () values: []
Possible solutions: getViiteLista()

    scenario käyttäjän voi onnistuneesti lisätä viiteen järjestelmään
      given valitaan viitteen lisääminen
      when Oikeat tiedot syötetään järjestelmään
      then viite on lisätty järjestelmään</failure>
  </testcase>
</testsuite>