<testsuite tests='1' results='1' failures='0' disabled='0' errors='0' time='0.175' name='behavior.viitteen_lisaaminen'>
  <testcase classname='behavior.viitteen_lisaaminen' name='käyttäjän voi onnistuneesti lisätä viiteen järjestlmään' time='0.092' />
</testsuite>