<testsuite tests='2' results='2' failures='0' disabled='0' errors='0' time='0.3' name='behavior.viitteen_muokkaaminen'>
  <testcase classname='behavior.viitteen_muokkaaminen' name='Käyttäjä voi muokata olemassa olevaa viitettä' time='0.016' />
  <testcase classname='behavior.viitteen_muokkaaminen' name='Käyttäjä ei voi muokata viitettä, jota ei ole olemassa' time='0.013' />
</testsuite>