<testsuite tests='1' results='0' failures='1' disabled='0' errors='0' time='2.449' name='behavior.viitteen_lisaaminen'>
  <testcase classname='behavior.viitteen_lisaaminen' name='käyttäjän voi onnistuneesti lisätä viiteen järjestlmään' time='0.18'>
    <failure message='Step "viite on lisätty järjestelmään" -- Cannot invoke method getType() on null object'>Step "viite on lisätty järjestelmään" -- Cannot invoke method getType() on null object

    scenario käyttäjän voi onnistuneesti lisätä viiteen järjestlmään
      given valitaan viitteen lisääminen
      when Oikeat tiedot syötetään järjestelmään
      then viite on lisätty järjestelmään</failure>
  </testcase>
</testsuite>