<testsuite tests='1' results='1' failures='0' disabled='0' errors='0' time='0.141' name='behavior.viite_bibtex_muotoon'>
  <testcase classname='behavior.viite_bibtex_muotoon' name='k채ytt채j채 voi tulostaa viitten bibtexin채' time='0.012' />
</testsuite>