<testsuite tests='1' results='0' failures='1' disabled='0' errors='0' time='0.316' name='behavior.viitteiden_listaaminen'>
  <testcase classname='behavior.viitteiden_listaaminen' name='Käyttäjä saa listauksen järjestelmän viitteistä' time='0.045'>
    <failure message='Step "valitessa viitteiden listaus" -- No signature of method: java.util.HashMap.add() is applicable for argument types: (java.lang.String) values: [koira]
Possible solutions: any(), any(groovy.lang.Closure), any(groovy.lang.Closure), wait(), wait(long), get(java.lang.Object); Step "pyydetään listausta viitteistä" -- No such property: viite for class: viitteiden_listaaminen; Step "saadaan listamuotoinen selkeä esitys viitteistä" -- expected Tyyppi: tyyppi
Id: id

 but was '>Step "valitessa viitteiden listaus" -- No signature of method: java.util.HashMap.add() is applicable for argument types: (java.lang.String) values: [koira]
Possible solutions: any(), any(groovy.lang.Closure), any(groovy.lang.Closure), wait(), wait(long), get(java.lang.Object); Step "pyydetään listausta viitteistä" -- No such property: viite for class: viitteiden_listaaminen; Step "saadaan listamuotoinen selkeä esitys viitteistä" -- expected Tyyppi: tyyppi
Id: id

 but was 

    scenario Käyttäjä saa listauksen järjestelmän viitteistä
      given valitessa viitteiden listaus
      when pyydetään listausta viitteistä
      then saadaan listamuotoinen selkeä esitys viitteistä</failure>
  </testcase>
</testsuite>