<?xml version="1.0" encoding="UTF-8" ?>
<testsuite failures="0" time="0.069" errors="0" skipped="0" tests="9" name="ohtu.bibtex.BibtexTest">
  <properties>
    <property name="java.runtime.name" value="Java(TM) SE Runtime Environment"/>
    <property name="sun.boot.library.path" value="C:\Program Files\Java\jdk1.6.0_25\jre\bin"/>
    <property name="java.vm.version" value="20.0-b11"/>
    <property name="java.vm.vendor" value="Sun Microsystems Inc."/>
    <property name="java.vendor.url" value="http://java.sun.com/"/>
    <property name="path.separator" value=";"/>
    <property name="java.vm.name" value="Java HotSpot(TM) 64-Bit Server VM"/>
    <property name="file.encoding.pkg" value="sun.io"/>
    <property name="user.country" value="FI"/>
    <property name="sun.java.launcher" value="SUN_STANDARD"/>
    <property name="sun.os.patch.level" value="Service Pack 1"/>
    <property name="java.vm.specification.name" value="Java Virtual Machine Specification"/>
    <property name="user.dir" value="C:\Users\Anis\Desktop\lohtu\ohtuprojekti"/>
    <property name="java.runtime.version" value="1.6.0_25-b06"/>
    <property name="java.awt.graphicsenv" value="sun.awt.Win32GraphicsEnvironment"/>
    <property name="basedir" value="C:\Users\Anis\Desktop\lohtu\ohtuprojekti"/>
    <property name="java.endorsed.dirs" value="C:\Program Files\Java\jdk1.6.0_25\jre\lib\endorsed"/>
    <property name="os.arch" value="amd64"/>
    <property name="surefire.real.class.path" value="C:\Users\Anis\Desktop\lohtu\ohtuprojekti\target\surefire\surefirebooter2928665345725698207.jar"/>
    <property name="java.io.tmpdir" value="C:\Users\Anis\AppData\Local\Temp\"/>
    <property name="line.separator" value="
"/>
    <property name="java.vm.specification.vendor" value="Sun Microsystems Inc."/>
    <property name="user.variant" value=""/>
    <property name="os.name" value="Windows 7"/>
    <property name="sun.jnu.encoding" value="Cp1252"/>
    <property name="java.library.path" value="C:\Program Files\Java\jdk1.6.0_25\jre\bin;.;C:\Windows\Sun\Java\bin;C:\Windows\system32;C:\Windows;C:\Program Files (x86)\AMD APP\bin\x86_64;C:\Program Files (x86)\AMD APP\bin\x86;C:\Program Files (x86)\MiKTeX 2.9\miktex/bin;C:\Windows\system32;C:\Windows;C:\Windows\System32\Wbem;C:\Windows\System32\WindowsPowerShell\v1.0\;C:\Program Files (x86)\ATI Technologies\ATI.ACE\Core-Static;C:\Program Files\Java\jdk1.6.0_25\bin;c:\Program Files (x86)\Microsoft SQL Server\100\Tools\Binn\;c:\Program Files\Microsoft SQL Server\100\Tools\Binn\;c:\Program Files\Microsoft SQL Server\100\DTS\Binn\;C:\Users\Anis\Desktop\;C:\cygwin\bin\;C:\Program Files\BitNami WAPPStack\postgresql\bin;C:\Program Files (x86)\QuickTime\QTSystem\;C:\Program Files\TortoiseSVN\bin;C:\Program Files (x86)\CMake 2.8\bin;C:\Program Files\TortoiseGit\bin;%M2%;C:\Program Files (x86)\Heroku;C:\Program Files (x86)\git\bin;C:\Program Files (x86)\git\cmd;C:\Program Files\Apache Software Foundation\apache-maven-3.0.4\bin"/>
    <property name="surefire.test.class.path" value="C:\Users\Anis\Desktop\lohtu\ohtuprojekti\target\test-classes;C:\Users\Anis\Desktop\lohtu\ohtuprojekti\target\classes;C:\Users\Anis\.m2\repository\junit\junit\4.10\junit-4.10.jar;C:\Users\Anis\.m2\repository\org\hamcrest\hamcrest-core\1.1\hamcrest-core-1.1.jar;C:\Users\Anis\.m2\repository\org\easyb\easyb-core\1.5\easyb-core-1.5.jar;C:\Users\Anis\.m2\repository\org\codehaus\groovy\groovy-all\1.7.10\groovy-all-1.7.10.jar;C:\Users\Anis\.m2\repository\commons-cli\commons-cli\1.2\commons-cli-1.2.jar;C:\Users\Anis\.m2\repository\commons-lang\commons-lang\2.5\commons-lang-2.5.jar;C:\Users\Anis\.m2\repository\ant\ant\1.6.5\ant-1.6.5.jar;C:\Users\Anis\.m2\repository\com\google\code\gson\gson\2.1\gson-2.1.jar;"/>
    <property name="java.specification.name" value="Java Platform API Specification"/>
    <property name="java.class.version" value="50.0"/>
    <property name="sun.management.compiler" value="HotSpot 64-Bit Tiered Compilers"/>
    <property name="os.version" value="6.1"/>
    <property name="user.home" value="C:\Users\Anis"/>
    <property name="user.timezone" value=""/>
    <property name="java.awt.printerjob" value="sun.awt.windows.WPrinterJob"/>
    <property name="java.specification.version" value="1.6"/>
    <property name="file.encoding" value="Cp1252"/>
    <property name="user.name" value="Anis"/>
    <property name="java.class.path" value="C:\Users\Anis\Desktop\lohtu\ohtuprojekti\target\test-classes;C:\Users\Anis\Desktop\lohtu\ohtuprojekti\target\classes;C:\Users\Anis\.m2\repository\junit\junit\4.10\junit-4.10.jar;C:\Users\Anis\.m2\repository\org\hamcrest\hamcrest-core\1.1\hamcrest-core-1.1.jar;C:\Users\Anis\.m2\repository\org\easyb\easyb-core\1.5\easyb-core-1.5.jar;C:\Users\Anis\.m2\repository\org\codehaus\groovy\groovy-all\1.7.10\groovy-all-1.7.10.jar;C:\Users\Anis\.m2\repository\commons-cli\commons-cli\1.2\commons-cli-1.2.jar;C:\Users\Anis\.m2\repository\commons-lang\commons-lang\2.5\commons-lang-2.5.jar;C:\Users\Anis\.m2\repository\ant\ant\1.6.5\ant-1.6.5.jar;C:\Users\Anis\.m2\repository\com\google\code\gson\gson\2.1\gson-2.1.jar;"/>
    <property name="java.vm.specification.version" value="1.0"/>
    <property name="sun.arch.data.model" value="64"/>
    <property name="java.home" value="C:\Program Files\Java\jdk1.6.0_25\jre"/>
    <property name="sun.java.command" value="C:\Users\Anis\Desktop\lohtu\ohtuprojekti\target\surefire\surefirebooter2928665345725698207.jar C:\Users\Anis\Desktop\lohtu\ohtuprojekti\target\surefire\surefire8392056383725404968tmp C:\Users\Anis\Desktop\lohtu\ohtuprojekti\target\surefire\surefire3281848000158742111tmp"/>
    <property name="java.specification.vendor" value="Sun Microsystems Inc."/>
    <property name="user.language" value="fi"/>
    <property name="awt.toolkit" value="sun.awt.windows.WToolkit"/>
    <property name="java.vm.info" value="mixed mode"/>
    <property name="java.version" value="1.6.0_25"/>
    <property name="java.ext.dirs" value="C:\Program Files\Java\jdk1.6.0_25\jre\lib\ext;C:\Windows\Sun\Java\lib\ext"/>
    <property name="sun.boot.class.path" value="C:\Program Files\Java\jdk1.6.0_25\jre\lib\resources.jar;C:\Program Files\Java\jdk1.6.0_25\jre\lib\rt.jar;C:\Program Files\Java\jdk1.6.0_25\jre\lib\sunrsasign.jar;C:\Program Files\Java\jdk1.6.0_25\jre\lib\jsse.jar;C:\Program Files\Java\jdk1.6.0_25\jre\lib\jce.jar;C:\Program Files\Java\jdk1.6.0_25\jre\lib\charsets.jar;C:\Program Files\Java\jdk1.6.0_25\jre\lib\modules\jdk.boot.jar;C:\Program Files\Java\jdk1.6.0_25\jre\classes"/>
    <property name="java.vendor" value="Sun Microsystems Inc."/>
    <property name="localRepository" value="C:\Users\Anis\.m2\repository"/>
    <property name="file.separator" value="\"/>
    <property name="java.vendor.url.bug" value="http://java.sun.com/cgi-bin/bugreport.cgi"/>
    <property name="sun.cpu.endian" value="little"/>
    <property name="sun.io.unicode.encoding" value="UnicodeLittle"/>
    <property name="sun.desktop" value="windows"/>
    <property name="sun.cpu.isalist" value="amd64"/>
  </properties>
  <testcase time="0.002" classname="ohtu.bibtex.BibtexTest" name="testPrintAsBibtex"/>
  <testcase time="0" classname="ohtu.bibtex.BibtexTest" name="testGetAsBibtexId"/>
  <testcase time="0" classname="ohtu.bibtex.BibtexTest" name="testGetAsBibtexAuthor"/>
  <testcase time="0" classname="ohtu.bibtex.BibtexTest" name="testGetAsBibtexTitle"/>
  <testcase time="0" classname="ohtu.bibtex.BibtexTest" name="testGetAsBibtexJournal"/>
  <testcase time="0" classname="ohtu.bibtex.BibtexTest" name="testGetAsBibtexYear"/>
  <testcase time="0.001" classname="ohtu.bibtex.BibtexTest" name="testGetAsBibtexNumber"/>
  <testcase time="0" classname="ohtu.bibtex.BibtexTest" name="testGetAsBibtexPages"/>
  <testcase time="0.001" classname="ohtu.bibtex.BibtexTest" name="testGetAsBibtexClosingBracket"/>
</testsuite>