<testsuite tests='1' results='1' failures='0' disabled='0' errors='0' time='0.102' name='behavior.viitteiden_listaaminen'>
  <testcase classname='behavior.viitteiden_listaaminen' name='Käyttäjä saa listauksen järjestelmän viitteistä' time='0.003' />
</testsuite>