<testsuite tests='2' results='1' failures='1' disabled='0' errors='0' time='0.119' name='behavior.viitteen_muokkaaminen'>
  <testcase classname='behavior.viitteen_muokkaaminen' name='Käyttäjä voi muokata olemassa olevaa viitettä' time='0.018'>
    <failure message='Step "viitteen tiedot päivittyvät" -- expected kakkiainen but target object is null'>Step "viitteen tiedot päivittyvät" -- expected kakkiainen but target object is null

    scenario Käyttäjä voi muokata olemassa olevaa viitettä
      given valittaessa viitteen muokkaus
      when haetaan olemassa olevaa viitettä ja päivitetään sen tietoja
      then viitteen tiedot päivittyvät</failure>
  </testcase>
  <testcase classname='behavior.viitteen_muokkaaminen' name='Käyttäjä ei voi muokata viitettä, jota ei ole olemassa' time='0.027' />
</testsuite>