<testsuite tests='2' results='0' failures='2' disabled='0' errors='0' time='0.336' name='behavior.viitteen_muokkaaminen'>
  <testcase classname='behavior.viitteen_muokkaaminen' name='Käyttäjä voi muokata olemassa olevaa viitettä' time='0.042'>
    <failure message='Step "valittaessa viitteen muokkaus" -- Could not find matching constructor for: ohtu.viitteidenHallinta.Viite(java.lang.String, java.lang.String, java.util.LinkedHashMap, java.util.LinkedHashMap); Step "haetaan olemassa olevaa viitettä ja päivitetään sen tietoja" -- No such property: viite for class: viitteen_muokkaaminen; Step "viitteen tiedot päivittyvät" -- Cannot invoke method getPakollisetKentat() on null object'>Step "valittaessa viitteen muokkaus" -- Could not find matching constructor for: ohtu.viitteidenHallinta.Viite(java.lang.String, java.lang.String, java.util.LinkedHashMap, java.util.LinkedHashMap); Step "haetaan olemassa olevaa viitettä ja päivitetään sen tietoja" -- No such property: viite for class: viitteen_muokkaaminen; Step "viitteen tiedot päivittyvät" -- Cannot invoke method getPakollisetKentat() on null object

    scenario Käyttäjä voi muokata olemassa olevaa viitettä
      given valittaessa viitteen muokkaus
      when haetaan olemassa olevaa viitettä ja päivitetään sen tietoja
      then viitteen tiedot päivittyvät</failure>
  </testcase>
  <testcase classname='behavior.viitteen_muokkaaminen' name='Käyttäjä ei voi muokata viitettä, jota ei ole olemassa' time='0.017'>
    <failure message='Step "valittaessa viitteen muokkaus" -- Could not find matching constructor for: ohtu.viitteidenHallinta.Viite(java.lang.String, java.lang.String, java.util.LinkedHashMap, java.util.LinkedHashMap); Step "haetaan viitettä, jota ei ole olemassa" -- No signature of method: ohtu.viitteidenHallinta.ViiteSailo.muokkaaViitetta() is applicable for argument types: (java.lang.String, null, null) values: [trol, null, null]
Possible solutions: muokkaaViitetta(java.lang.String, java.util.ArrayList, java.util.LinkedHashMap, java.util.LinkedHashMap); Step "tietoja ei voida päivittää" -- No such property: value for class: viitteen_muokkaaminen'>Step "valittaessa viitteen muokkaus" -- Could not find matching constructor for: ohtu.viitteidenHallinta.Viite(java.lang.String, java.lang.String, java.util.LinkedHashMap, java.util.LinkedHashMap); Step "haetaan viitettä, jota ei ole olemassa" -- No signature of method: ohtu.viitteidenHallinta.ViiteSailo.muokkaaViitetta() is applicable for argument types: (java.lang.String, null, null) values: [trol, null, null]
Possible solutions: muokkaaViitetta(java.lang.String, java.util.ArrayList, java.util.LinkedHashMap, java.util.LinkedHashMap); Step "tietoja ei voida päivittää" -- No such property: value for class: viitteen_muokkaaminen

    scenario Käyttäjä ei voi muokata viitettä, jota ei ole olemassa
      given valittaessa viitteen muokkaus
      when haetaan viitettä, jota ei ole olemassa
      then tietoja ei voida päivittää</failure>
  </testcase>
</testsuite>